Arguments: 
  /usr/local/bin/node /opt/homebrew/Cellar/yarn/1.22.19/libexec/bin/yarn.js add package.name

PATH: 
  /opt/homebrew/bin:/opt/homebrew/sbin:/usr/local/bin:/usr/bin:/bin:/usr/sbin:/sbin:/Users/hahahpham/Documents/SQA-cfgbuilder/node_modules/.bin

Yarn version: 
  1.22.19

Node version: 
  16.16.0

Platform: 
  darwin x64

Trace: 
  Error: https://registry.yarnpkg.com/package.name: Not found
      at Request.params.callback [as _callback] (/opt/homebrew/Cellar/yarn/1.22.19/libexec/lib/cli.js:66145:18)
      at Request.self.callback (/opt/homebrew/Cellar/yarn/1.22.19/libexec/lib/cli.js:140890:22)
      at Request.emit (node:events:527:28)
      at Request.<anonymous> (/opt/homebrew/Cellar/yarn/1.22.19/libexec/lib/cli.js:141862:10)
      at Request.emit (node:events:527:28)
      at IncomingMessage.<anonymous> (/opt/homebrew/Cellar/yarn/1.22.19/libexec/lib/cli.js:141784:12)
      at Object.onceWrapper (node:events:641:28)
      at IncomingMessage.emit (node:events:539:35)
      at endReadableNT (node:internal/streams/readable:1345:12)
      at processTicksAndRejections (node:internal/process/task_queues:83:21)

npm manifest: 
  {
    "name": "cfg-builders",
    "version": "1.0.0",
    "description": "",
    "main": "dist/src/index.js",
    "scripts": {
      "tsc": "tsc",
      "test": "echo \"Error: no test specified\" && exit 1",
      "start": "node --require ts-node/register ./src/index.ts",
      "dev:start": "npm-run-all build start",
      "dev": "nodemon --watch src -e ts,ejs --exec npm run dev:start"
    },
    "keywords": [],
    "author": "",
    "license": "ISC",
    "dependencies": {
      "@okta/oidc-middleware": "^1.0.2",
      "@types/dotenv": "^8.2.0",
      "@types/estree": "0.0.40",
      "body-parser": "^1.19.0",
      "chalk": "^4.1.0",
      "code-block-writer": "^10.1.0",
      "concat-stream": "^2.0.0",
      "cors": "^2.8.5",
      "cross-env": "^7.0.2",
      "dotenv": "^8.2.0",
      "dotenv-expand": "^5.1.0",
      "ejs": "^3.1.2",
      "esprima": "^4.0.1",
      "express": "^4.17.1",
      "express-fileupload": "^1.1.7-alpha.3",
      "express-session": "^1.17.1",
      "js-beautify": "^1.13.0",
      "multer": "^1.4.2",
      "mysql": "^2.18.1",
      "pretty-error": "^2.1.1",
      "prop-types": "^15.7.2",
      "reflect-metadata": "^0.1.13",
      "styx": "^0.2.1",
      "ts-morph": "^4.3.3",
      "ts-unit": "^1.0.1",
      "typedjson": "^1.5.1",
      "typeorm": "^0.2.25",
      "typescript": "^3.9.7",
      "typescript-estree": "^18.1.0",
      "typescript-logging": "^0.6.4",
      "unzip-stream": "latest",
      "winston": "^3.2.1"
    },
    "devDependencies": {
      "@types/chai": "^4.2.8",
      "@types/express": "^4.17.6",
      "@types/express-session": "^1.17.0",
      "@types/fs-extra": "^8.1.0",
      "@types/mathjs": "^6.0.4",
      "@types/mocha": "^7.0.1",
      "@types/node": "^12.12.38",
      "@types/shelljs": "^0.8.7",
      "@typescript-eslint/parser": "^2.6.0",
      "chai": "^4.2.0",
      "fs-extra": "^9.0.0",
      "mathjs": "^6.6.0",
      "mocha": "^7.0.1",
      "nodemon": "^2.0.3",
      "npm-run-all": "^4.1.5",
      "rimraf": "^3.0.2",
      "shelljs": "^0.8.4",
      "ts-node": "^8.10.2",
      "tslint": "^5.20.0",
      "tslint-sonarts": "^1.9.0"
    }
  }

yarn manifest: 
  No manifest

Lockfile: 
  No lockfile
